2025-04-27 10:45:23,540 DEBUG Pre-registering run with id 10200641110649887764
2025-04-27 10:45:23,541 DEBUG Using InMemoryState
2025-04-27 10:45:23,542 DEBUG Using InMemoryState
2025-04-27 10:45:23,544 DEBUG Using InMemoryState
2025-04-27 10:45:23,544 DEBUG Registered 10 nodes
2025-04-27 10:45:23,544 DEBUG Supported backends: ['ray']
2025-04-27 10:45:23,545 DEBUG Initialising: RayBackend
2025-04-27 10:45:23,545 DEBUG Backend config: {'client_resources': {'num_cpus': 1, 'num_gpus': 1.0}, 'init_args': {'logging_level': 30, 'log_to_driver': True}, 'actor': {'tensorflow': 0}}
2025-04-27 10:45:23,543 INFO Starting Flower ServerApp, config: num_rounds=50, no round_timeout
2025-04-27 10:45:23,549 INFO 
2025-04-27 10:45:23,549 INFO [INIT]
2025-04-27 10:45:23,549 INFO Requesting initial parameters from one random client
2025-04-27 10:45:28,102 DEBUG Constructed ActorPool with: 1 actors
2025-04-27 10:45:28,103 DEBUG Using InMemoryState
2025-04-27 10:45:41,792 INFO Received initial parameters from one random client
2025-04-27 10:45:41,793 INFO Starting evaluation of initial global parameters
2025-04-27 10:45:41,793 INFO Evaluation returned no results (`None`)
2025-04-27 10:45:41,793 INFO 
2025-04-27 10:45:41,793 INFO [ROUND 1]
2025-04-27 10:45:41,794 INFO configure_fit: strategy sampled 10 clients (out of 10)
2025-04-27 10:46:28,000 INFO aggregate_fit: received 10 results and 0 failures
2025-04-27 10:46:28,017 INFO configure_evaluate: strategy sampled 10 clients (out of 10)
2025-04-27 10:46:55,973 INFO aggregate_evaluate: received 10 results and 0 failures
2025-04-27 10:46:55,973 INFO 
2025-04-27 10:46:55,973 INFO [ROUND 2]
2025-04-27 10:46:55,974 INFO configure_fit: strategy sampled 10 clients (out of 10)
2025-04-27 10:47:38,655 INFO aggregate_fit: received 10 results and 0 failures
2025-04-27 10:47:38,667 INFO configure_evaluate: strategy sampled 10 clients (out of 10)
2025-04-27 10:48:05,523 INFO aggregate_evaluate: received 10 results and 0 failures
2025-04-27 10:48:05,524 INFO 
2025-04-27 10:48:05,524 INFO [ROUND 3]
2025-04-27 10:48:05,524 INFO configure_fit: strategy sampled 10 clients (out of 10)
2025-04-27 10:48:48,718 INFO aggregate_fit: received 10 results and 0 failures
2025-04-27 10:48:48,730 INFO configure_evaluate: strategy sampled 10 clients (out of 10)
2025-04-27 10:49:15,592 INFO aggregate_evaluate: received 10 results and 0 failures
2025-04-27 10:49:15,593 INFO 
2025-04-27 10:49:15,593 INFO [ROUND 4]
2025-04-27 10:49:15,593 INFO configure_fit: strategy sampled 10 clients (out of 10)
2025-04-27 10:50:01,113 INFO aggregate_fit: received 10 results and 0 failures
2025-04-27 10:50:01,129 INFO configure_evaluate: strategy sampled 10 clients (out of 10)
2025-04-27 10:50:29,185 INFO aggregate_evaluate: received 10 results and 0 failures
2025-04-27 10:50:29,185 INFO 
2025-04-27 10:50:29,186 INFO [ROUND 5]
2025-04-27 10:50:29,186 INFO configure_fit: strategy sampled 10 clients (out of 10)
2025-04-27 10:51:11,682 INFO aggregate_fit: received 10 results and 0 failures
2025-04-27 10:51:11,700 INFO configure_evaluate: strategy sampled 10 clients (out of 10)
2025-04-27 10:51:37,647 INFO aggregate_evaluate: received 10 results and 0 failures
2025-04-27 10:51:37,647 INFO 
2025-04-27 10:51:37,648 INFO [ROUND 6]
2025-04-27 10:51:37,648 INFO configure_fit: strategy sampled 10 clients (out of 10)
2025-04-27 10:52:19,732 INFO aggregate_fit: received 10 results and 0 failures
2025-04-27 10:52:19,743 INFO configure_evaluate: strategy sampled 10 clients (out of 10)
2025-04-27 10:52:45,691 INFO aggregate_evaluate: received 10 results and 0 failures
2025-04-27 10:52:45,692 INFO 
2025-04-27 10:52:45,692 INFO [ROUND 7]
2025-04-27 10:52:45,692 INFO configure_fit: strategy sampled 10 clients (out of 10)
2025-04-27 10:53:28,776 INFO aggregate_fit: received 10 results and 0 failures
2025-04-27 10:53:28,787 INFO configure_evaluate: strategy sampled 10 clients (out of 10)
2025-04-27 10:53:56,543 INFO aggregate_evaluate: received 10 results and 0 failures
2025-04-27 10:53:56,543 INFO 
2025-04-27 10:53:56,543 INFO [ROUND 8]
2025-04-27 10:53:56,544 INFO configure_fit: strategy sampled 10 clients (out of 10)
2025-04-27 10:54:40,829 INFO aggregate_fit: received 10 results and 0 failures
2025-04-27 10:54:40,844 INFO configure_evaluate: strategy sampled 10 clients (out of 10)
2025-04-27 10:55:07,799 INFO aggregate_evaluate: received 10 results and 0 failures
2025-04-27 10:55:07,800 INFO 
2025-04-27 10:55:07,800 INFO [ROUND 9]
2025-04-27 10:55:07,800 INFO configure_fit: strategy sampled 10 clients (out of 10)
2025-04-27 10:55:51,096 INFO aggregate_fit: received 10 results and 0 failures
2025-04-27 10:55:51,107 INFO configure_evaluate: strategy sampled 10 clients (out of 10)
2025-04-27 10:56:18,666 INFO aggregate_evaluate: received 10 results and 0 failures
2025-04-27 10:56:18,666 INFO 
2025-04-27 10:56:18,666 INFO [ROUND 10]
2025-04-27 10:56:18,667 INFO configure_fit: strategy sampled 10 clients (out of 10)
2025-04-27 10:57:04,471 INFO aggregate_fit: received 10 results and 0 failures
2025-04-27 10:57:04,482 INFO configure_evaluate: strategy sampled 10 clients (out of 10)
2025-04-27 10:57:31,546 INFO aggregate_evaluate: received 10 results and 0 failures
2025-04-27 10:57:31,547 INFO 
2025-04-27 10:57:31,547 INFO [ROUND 11]
2025-04-27 10:57:31,547 INFO configure_fit: strategy sampled 10 clients (out of 10)
2025-04-27 10:58:15,647 INFO aggregate_fit: received 10 results and 0 failures
2025-04-27 10:58:15,659 INFO configure_evaluate: strategy sampled 10 clients (out of 10)
2025-04-27 10:58:44,026 INFO aggregate_evaluate: received 10 results and 0 failures
2025-04-27 10:58:44,027 INFO 
2025-04-27 10:58:44,027 INFO [ROUND 12]
2025-04-27 10:58:44,027 INFO configure_fit: strategy sampled 10 clients (out of 10)
2025-04-27 10:59:26,334 INFO aggregate_fit: received 10 results and 0 failures
2025-04-27 10:59:26,345 INFO configure_evaluate: strategy sampled 10 clients (out of 10)
2025-04-27 10:59:52,502 INFO aggregate_evaluate: received 10 results and 0 failures
2025-04-27 10:59:52,502 INFO 
2025-04-27 10:59:52,503 INFO [ROUND 13]
2025-04-27 10:59:52,503 INFO configure_fit: strategy sampled 10 clients (out of 10)
2025-04-27 11:00:35,714 INFO aggregate_fit: received 10 results and 0 failures
2025-04-27 11:00:35,725 INFO configure_evaluate: strategy sampled 10 clients (out of 10)
2025-04-27 11:01:03,284 INFO aggregate_evaluate: received 10 results and 0 failures
2025-04-27 11:01:03,285 INFO 
2025-04-27 11:01:03,285 INFO [ROUND 14]
2025-04-27 11:01:03,285 INFO configure_fit: strategy sampled 10 clients (out of 10)
2025-04-27 11:01:48,283 INFO aggregate_fit: received 10 results and 0 failures
2025-04-27 11:01:48,298 INFO configure_evaluate: strategy sampled 10 clients (out of 10)
2025-04-27 11:02:17,566 INFO aggregate_evaluate: received 10 results and 0 failures
2025-04-27 11:02:17,567 INFO 
2025-04-27 11:02:17,567 INFO [ROUND 15]
2025-04-27 11:02:17,567 INFO configure_fit: strategy sampled 10 clients (out of 10)
2025-04-27 11:03:00,171 INFO aggregate_fit: received 10 results and 0 failures
2025-04-27 11:03:00,184 INFO configure_evaluate: strategy sampled 10 clients (out of 10)
2025-04-27 11:03:27,341 INFO aggregate_evaluate: received 10 results and 0 failures
2025-04-27 11:03:27,341 INFO 
2025-04-27 11:03:27,341 INFO [ROUND 16]
2025-04-27 11:03:27,342 INFO configure_fit: strategy sampled 10 clients (out of 10)
2025-04-27 11:04:09,636 INFO aggregate_fit: received 10 results and 0 failures
2025-04-27 11:04:09,648 INFO configure_evaluate: strategy sampled 10 clients (out of 10)
2025-04-27 11:04:36,401 INFO aggregate_evaluate: received 10 results and 0 failures
2025-04-27 11:04:36,401 INFO 
2025-04-27 11:04:36,402 INFO [ROUND 17]
2025-04-27 11:04:36,402 INFO configure_fit: strategy sampled 10 clients (out of 10)
2025-04-27 11:05:19,395 INFO aggregate_fit: received 10 results and 0 failures
2025-04-27 11:05:19,406 INFO configure_evaluate: strategy sampled 10 clients (out of 10)
2025-04-27 11:05:46,967 INFO aggregate_evaluate: received 10 results and 0 failures
2025-04-27 11:05:46,968 INFO 
2025-04-27 11:05:46,968 INFO [ROUND 18]
2025-04-27 11:05:46,968 INFO configure_fit: strategy sampled 10 clients (out of 10)
2025-04-27 11:06:30,684 INFO aggregate_fit: received 10 results and 0 failures
2025-04-27 11:06:30,695 INFO configure_evaluate: strategy sampled 10 clients (out of 10)
2025-04-27 11:06:56,244 INFO aggregate_evaluate: received 10 results and 0 failures
2025-04-27 11:06:56,245 INFO 
2025-04-27 11:06:56,245 INFO [ROUND 19]
2025-04-27 11:06:56,245 INFO configure_fit: strategy sampled 10 clients (out of 10)
2025-04-27 11:07:39,038 INFO aggregate_fit: received 10 results and 0 failures
2025-04-27 11:07:39,049 INFO configure_evaluate: strategy sampled 10 clients (out of 10)
2025-04-27 11:08:05,806 INFO aggregate_evaluate: received 10 results and 0 failures
2025-04-27 11:08:05,807 INFO 
2025-04-27 11:08:05,807 INFO [ROUND 20]
2025-04-27 11:08:05,807 INFO configure_fit: strategy sampled 10 clients (out of 10)
2025-04-27 11:08:48,503 INFO aggregate_fit: received 10 results and 0 failures
2025-04-27 11:08:48,514 INFO configure_evaluate: strategy sampled 10 clients (out of 10)
2025-04-27 11:09:15,970 INFO aggregate_evaluate: received 10 results and 0 failures
2025-04-27 11:09:15,970 INFO 
2025-04-27 11:09:15,971 INFO [ROUND 21]
2025-04-27 11:09:15,971 INFO configure_fit: strategy sampled 10 clients (out of 10)
2025-04-27 11:09:58,182 INFO aggregate_fit: received 10 results and 0 failures
2025-04-27 11:09:58,194 INFO configure_evaluate: strategy sampled 10 clients (out of 10)
2025-04-27 11:10:24,852 INFO aggregate_evaluate: received 10 results and 0 failures
2025-04-27 11:10:24,852 INFO 
2025-04-27 11:10:24,853 INFO [ROUND 22]
2025-04-27 11:10:24,853 INFO configure_fit: strategy sampled 10 clients (out of 10)
2025-04-27 11:11:11,576 INFO aggregate_fit: received 10 results and 0 failures
2025-04-27 11:11:11,591 INFO configure_evaluate: strategy sampled 10 clients (out of 10)
2025-04-27 11:11:40,757 INFO aggregate_evaluate: received 10 results and 0 failures
2025-04-27 11:11:40,758 INFO 
2025-04-27 11:11:40,758 INFO [ROUND 23]
2025-04-27 11:11:40,758 INFO configure_fit: strategy sampled 10 clients (out of 10)
2025-04-27 11:12:28,879 INFO aggregate_fit: received 10 results and 0 failures
2025-04-27 11:12:28,892 INFO configure_evaluate: strategy sampled 10 clients (out of 10)
2025-04-27 11:12:54,746 INFO aggregate_evaluate: received 10 results and 0 failures
2025-04-27 11:12:54,747 INFO 
2025-04-27 11:12:54,747 INFO [ROUND 24]
2025-04-27 11:12:54,747 INFO configure_fit: strategy sampled 10 clients (out of 10)
2025-04-27 11:13:39,349 INFO aggregate_fit: received 10 results and 0 failures
2025-04-27 11:13:39,363 INFO configure_evaluate: strategy sampled 10 clients (out of 10)
2025-04-27 11:14:06,433 INFO aggregate_evaluate: received 10 results and 0 failures
2025-04-27 11:14:06,434 INFO 
2025-04-27 11:14:06,435 INFO [ROUND 25]
2025-04-27 11:14:06,436 INFO configure_fit: strategy sampled 10 clients (out of 10)
2025-04-27 11:14:49,337 INFO aggregate_fit: received 10 results and 0 failures
2025-04-27 11:14:49,348 INFO configure_evaluate: strategy sampled 10 clients (out of 10)
2025-04-27 11:15:16,008 INFO aggregate_evaluate: received 10 results and 0 failures
2025-04-27 11:15:16,008 INFO 
2025-04-27 11:15:16,009 INFO [ROUND 26]
2025-04-27 11:15:16,009 INFO configure_fit: strategy sampled 10 clients (out of 10)
2025-04-27 11:16:00,407 INFO aggregate_fit: received 10 results and 0 failures
2025-04-27 11:16:00,418 INFO configure_evaluate: strategy sampled 10 clients (out of 10)
2025-04-27 11:16:27,385 INFO aggregate_evaluate: received 10 results and 0 failures
2025-04-27 11:16:27,385 INFO 
2025-04-27 11:16:27,385 INFO [ROUND 27]
2025-04-27 11:16:27,386 INFO configure_fit: strategy sampled 10 clients (out of 10)
2025-04-27 11:17:11,188 INFO aggregate_fit: received 10 results and 0 failures
2025-04-27 11:17:11,205 INFO configure_evaluate: strategy sampled 10 clients (out of 10)
2025-04-27 11:17:37,057 INFO aggregate_evaluate: received 10 results and 0 failures
2025-04-27 11:17:37,058 INFO 
2025-04-27 11:17:37,058 INFO [ROUND 28]
2025-04-27 11:17:37,058 INFO configure_fit: strategy sampled 10 clients (out of 10)
2025-04-27 11:18:22,968 INFO aggregate_fit: received 10 results and 0 failures
2025-04-27 11:18:22,979 INFO configure_evaluate: strategy sampled 10 clients (out of 10)
2025-04-27 11:18:50,138 INFO aggregate_evaluate: received 10 results and 0 failures
2025-04-27 11:18:50,138 INFO 
2025-04-27 11:18:50,138 INFO [ROUND 29]
2025-04-27 11:18:50,139 INFO configure_fit: strategy sampled 10 clients (out of 10)
2025-04-27 11:19:33,742 INFO aggregate_fit: received 10 results and 0 failures
2025-04-27 11:19:33,753 INFO configure_evaluate: strategy sampled 10 clients (out of 10)
2025-04-27 11:19:59,915 INFO aggregate_evaluate: received 10 results and 0 failures
2025-04-27 11:19:59,915 INFO 
2025-04-27 11:19:59,916 INFO [ROUND 30]
2025-04-27 11:19:59,916 INFO configure_fit: strategy sampled 10 clients (out of 10)
2025-04-27 11:20:42,807 INFO aggregate_fit: received 10 results and 0 failures
2025-04-27 11:20:42,818 INFO configure_evaluate: strategy sampled 10 clients (out of 10)
2025-04-27 11:21:08,068 INFO aggregate_evaluate: received 10 results and 0 failures
2025-04-27 11:21:08,069 INFO 
2025-04-27 11:21:08,069 INFO [ROUND 31]
2025-04-27 11:21:08,069 INFO configure_fit: strategy sampled 10 clients (out of 10)
2025-04-27 11:21:51,064 INFO aggregate_fit: received 10 results and 0 failures
2025-04-27 11:21:51,076 INFO configure_evaluate: strategy sampled 10 clients (out of 10)
2025-04-27 11:22:19,636 INFO aggregate_evaluate: received 10 results and 0 failures
2025-04-27 11:22:19,636 INFO 
2025-04-27 11:22:19,637 INFO [ROUND 32]
2025-04-27 11:22:19,637 INFO configure_fit: strategy sampled 10 clients (out of 10)
2025-04-27 11:23:02,747 INFO aggregate_fit: received 10 results and 0 failures
2025-04-27 11:23:02,760 INFO configure_evaluate: strategy sampled 10 clients (out of 10)
2025-04-27 11:23:29,414 INFO aggregate_evaluate: received 10 results and 0 failures
2025-04-27 11:23:29,414 INFO 
2025-04-27 11:23:29,415 INFO [ROUND 33]
2025-04-27 11:23:29,415 INFO configure_fit: strategy sampled 10 clients (out of 10)
2025-04-27 11:24:12,813 INFO aggregate_fit: received 10 results and 0 failures
2025-04-27 11:24:12,825 INFO configure_evaluate: strategy sampled 10 clients (out of 10)
2025-04-27 11:24:40,079 INFO aggregate_evaluate: received 10 results and 0 failures
2025-04-27 11:24:40,079 INFO 
2025-04-27 11:24:40,080 INFO [ROUND 34]
2025-04-27 11:24:40,080 INFO configure_fit: strategy sampled 10 clients (out of 10)
2025-04-27 11:25:24,981 INFO aggregate_fit: received 10 results and 0 failures
2025-04-27 11:25:24,996 INFO configure_evaluate: strategy sampled 10 clients (out of 10)
2025-04-27 11:25:50,658 INFO aggregate_evaluate: received 10 results and 0 failures
2025-04-27 11:25:50,659 INFO 
2025-04-27 11:25:50,659 INFO [ROUND 35]
2025-04-27 11:25:50,659 INFO configure_fit: strategy sampled 10 clients (out of 10)
2025-04-27 11:26:34,858 INFO aggregate_fit: received 10 results and 0 failures
2025-04-27 11:26:34,879 INFO configure_evaluate: strategy sampled 10 clients (out of 10)
2025-04-27 11:27:00,631 INFO aggregate_evaluate: received 10 results and 0 failures
2025-04-27 11:27:00,632 INFO 
2025-04-27 11:27:00,632 INFO [ROUND 36]
2025-04-27 11:27:00,632 INFO configure_fit: strategy sampled 10 clients (out of 10)
2025-04-27 11:27:44,833 INFO aggregate_fit: received 10 results and 0 failures
2025-04-27 11:27:44,845 INFO configure_evaluate: strategy sampled 10 clients (out of 10)
2025-04-27 11:28:12,105 INFO aggregate_evaluate: received 10 results and 0 failures
2025-04-27 11:28:12,105 INFO 
2025-04-27 11:28:12,106 INFO [ROUND 37]
2025-04-27 11:28:12,106 INFO configure_fit: strategy sampled 10 clients (out of 10)
2025-04-27 11:28:54,805 INFO aggregate_fit: received 10 results and 0 failures
2025-04-27 11:28:54,816 INFO configure_evaluate: strategy sampled 10 clients (out of 10)
2025-04-27 11:29:20,570 INFO aggregate_evaluate: received 10 results and 0 failures
2025-04-27 11:29:20,570 INFO 
2025-04-27 11:29:20,571 INFO [ROUND 38]
2025-04-27 11:29:20,571 INFO configure_fit: strategy sampled 10 clients (out of 10)
2025-04-27 11:30:03,378 INFO aggregate_fit: received 10 results and 0 failures
2025-04-27 11:30:03,389 INFO configure_evaluate: strategy sampled 10 clients (out of 10)
2025-04-27 11:30:29,743 INFO aggregate_evaluate: received 10 results and 0 failures
2025-04-27 11:30:29,744 INFO 
2025-04-27 11:30:29,744 INFO [ROUND 39]
2025-04-27 11:30:29,744 INFO configure_fit: strategy sampled 10 clients (out of 10)
2025-04-27 11:31:12,746 INFO aggregate_fit: received 10 results and 0 failures
2025-04-27 11:31:12,762 INFO configure_evaluate: strategy sampled 10 clients (out of 10)
2025-04-27 11:31:39,717 INFO aggregate_evaluate: received 10 results and 0 failures
2025-04-27 11:31:39,717 INFO 
2025-04-27 11:31:39,718 INFO [ROUND 40]
2025-04-27 11:31:39,718 INFO configure_fit: strategy sampled 10 clients (out of 10)
2025-04-27 11:32:24,117 INFO aggregate_fit: received 10 results and 0 failures
2025-04-27 11:32:24,129 INFO configure_evaluate: strategy sampled 10 clients (out of 10)
2025-04-27 11:32:52,292 INFO aggregate_evaluate: received 10 results and 0 failures
2025-04-27 11:32:52,292 INFO 
2025-04-27 11:32:52,292 INFO [ROUND 41]
2025-04-27 11:32:52,293 INFO configure_fit: strategy sampled 10 clients (out of 10)
2025-04-27 11:33:34,886 INFO aggregate_fit: received 10 results and 0 failures
2025-04-27 11:33:34,898 INFO configure_evaluate: strategy sampled 10 clients (out of 10)
2025-04-27 11:34:01,166 INFO aggregate_evaluate: received 10 results and 0 failures
2025-04-27 11:34:01,166 INFO 
2025-04-27 11:34:01,166 INFO [ROUND 42]
2025-04-27 11:34:01,167 INFO configure_fit: strategy sampled 10 clients (out of 10)
2025-04-27 11:34:45,368 INFO aggregate_fit: received 10 results and 0 failures
2025-04-27 11:34:45,385 INFO configure_evaluate: strategy sampled 10 clients (out of 10)
2025-04-27 11:35:10,940 INFO aggregate_evaluate: received 10 results and 0 failures
2025-04-27 11:35:10,941 INFO 
2025-04-27 11:35:10,941 INFO [ROUND 43]
2025-04-27 11:35:10,941 INFO configure_fit: strategy sampled 10 clients (out of 10)
2025-04-27 11:35:53,637 INFO aggregate_fit: received 10 results and 0 failures
2025-04-27 11:35:53,648 INFO configure_evaluate: strategy sampled 10 clients (out of 10)
2025-04-27 11:36:19,006 INFO aggregate_evaluate: received 10 results and 0 failures
2025-04-27 11:36:19,007 INFO 
2025-04-27 11:36:19,007 INFO [ROUND 44]
2025-04-27 11:36:19,007 INFO configure_fit: strategy sampled 10 clients (out of 10)
2025-04-27 11:37:02,924 INFO aggregate_fit: received 10 results and 0 failures
2025-04-27 11:37:02,938 INFO configure_evaluate: strategy sampled 10 clients (out of 10)
2025-04-27 11:37:29,795 INFO aggregate_evaluate: received 10 results and 0 failures
2025-04-27 11:37:29,795 INFO 
2025-04-27 11:37:29,796 INFO [ROUND 45]
2025-04-27 11:37:29,796 INFO configure_fit: strategy sampled 10 clients (out of 10)
2025-04-27 11:38:12,895 INFO aggregate_fit: received 10 results and 0 failures
2025-04-27 11:38:12,907 INFO configure_evaluate: strategy sampled 10 clients (out of 10)
2025-04-27 11:38:40,763 INFO aggregate_evaluate: received 10 results and 0 failures
2025-04-27 11:38:40,763 INFO 
2025-04-27 11:38:40,764 INFO [ROUND 46]
2025-04-27 11:38:40,764 INFO configure_fit: strategy sampled 10 clients (out of 10)
2025-04-27 11:39:23,461 INFO aggregate_fit: received 10 results and 0 failures
2025-04-27 11:39:23,472 INFO configure_evaluate: strategy sampled 10 clients (out of 10)
2025-04-27 11:39:50,338 INFO aggregate_evaluate: received 10 results and 0 failures
2025-04-27 11:39:50,338 INFO 
2025-04-27 11:39:50,338 INFO [ROUND 47]
2025-04-27 11:39:50,339 INFO configure_fit: strategy sampled 10 clients (out of 10)
2025-04-27 11:40:32,733 INFO aggregate_fit: received 10 results and 0 failures
2025-04-27 11:40:32,745 INFO configure_evaluate: strategy sampled 10 clients (out of 10)
2025-04-27 11:40:58,097 INFO aggregate_evaluate: received 10 results and 0 failures
2025-04-27 11:40:58,097 INFO 
2025-04-27 11:40:58,098 INFO [ROUND 48]
2025-04-27 11:40:58,098 INFO configure_fit: strategy sampled 10 clients (out of 10)
2025-04-27 11:41:42,407 INFO aggregate_fit: received 10 results and 0 failures
2025-04-27 11:41:42,421 INFO configure_evaluate: strategy sampled 10 clients (out of 10)
2025-04-27 11:42:09,779 INFO aggregate_evaluate: received 10 results and 0 failures
2025-04-27 11:42:09,780 INFO 
2025-04-27 11:42:09,780 INFO [ROUND 49]
2025-04-27 11:42:09,780 INFO configure_fit: strategy sampled 10 clients (out of 10)
2025-04-27 11:42:51,275 INFO aggregate_fit: received 10 results and 0 failures
2025-04-27 11:42:51,292 INFO configure_evaluate: strategy sampled 10 clients (out of 10)
2025-04-27 11:43:17,547 INFO aggregate_evaluate: received 10 results and 0 failures
2025-04-27 11:43:17,548 INFO 
2025-04-27 11:43:17,548 INFO [ROUND 50]
2025-04-27 11:43:17,548 INFO configure_fit: strategy sampled 10 clients (out of 10)
2025-04-27 11:44:01,751 INFO aggregate_fit: received 10 results and 0 failures
2025-04-27 11:44:01,763 INFO configure_evaluate: strategy sampled 10 clients (out of 10)
2025-04-27 11:44:28,214 INFO aggregate_evaluate: received 10 results and 0 failures
2025-04-27 11:44:28,215 INFO 
2025-04-27 11:44:28,215 INFO [SUMMARY]
2025-04-27 11:44:28,215 INFO Run finished 50 round(s) in 3526.42s
2025-04-27 11:44:28,221 INFO 	History (loss, distributed):
2025-04-27 11:44:28,221 INFO 		round 1: 4.601624182507962
2025-04-27 11:44:28,221 INFO 		round 2: 4.5727421497996845
2025-04-27 11:44:28,221 INFO 		round 3: 4.561928254139574
2025-04-27 11:44:28,221 INFO 		round 4: 4.28492980139165
2025-04-27 11:44:28,222 INFO 		round 5: 4.186927689781672
2025-04-27 11:44:28,222 INFO 		round 6: 4.115046567554716
2025-04-27 11:44:28,222 INFO 		round 7: 4.067164715332321
2025-04-27 11:44:28,222 INFO 		round 8: 3.997870611239083
2025-04-27 11:44:28,222 INFO 		round 9: 3.9647743407684035
2025-04-27 11:44:28,222 INFO 		round 10: 3.943221508702145
2025-04-27 11:44:28,222 INFO 		round 11: 3.8984132929693294
2025-04-27 11:44:28,222 INFO 		round 12: 3.8592736404153367
2025-04-27 11:44:28,223 INFO 		round 13: 3.875609443157534
2025-04-27 11:44:28,223 INFO 		round 14: 3.841571119767201
2025-04-27 11:44:28,223 INFO 		round 15: 3.8128815821454496
2025-04-27 11:44:28,223 INFO 		round 16: 3.8028771424595313
2025-04-27 11:44:28,223 INFO 		round 17: 3.7907810241361206
2025-04-27 11:44:28,223 INFO 		round 18: 3.800578266004973
2025-04-27 11:44:28,224 INFO 		round 19: 3.8025834085066106
2025-04-27 11:44:28,224 INFO 		round 20: 3.77441731585732
2025-04-27 11:44:28,224 INFO 		round 21: 3.7613088948817195
2025-04-27 11:44:28,224 INFO 		round 22: 3.7665490145924725
2025-04-27 11:44:28,224 INFO 		round 23: 3.7561469930636733
2025-04-27 11:44:28,224 INFO 		round 24: 3.7683923538727098
2025-04-27 11:44:28,224 INFO 		round 25: 3.7384372383733337
2025-04-27 11:44:28,224 INFO 		round 26: 3.777085729792148
2025-04-27 11:44:28,224 INFO 		round 27: 3.759177542939971
2025-04-27 11:44:28,225 INFO 		round 28: 3.7369520136072665
2025-04-27 11:44:28,225 INFO 		round 29: 3.781304933602297
2025-04-27 11:44:28,225 INFO 		round 30: 3.74702674075018
2025-04-27 11:44:28,225 INFO 		round 31: 3.7545156682593914
2025-04-27 11:44:28,225 INFO 		round 32: 3.7658615647992
2025-04-27 11:44:28,225 INFO 		round 33: 3.7820306254338614
2025-04-27 11:44:28,225 INFO 		round 34: 3.728478688982469
2025-04-27 11:44:28,225 INFO 		round 35: 3.7467192215255545
2025-04-27 11:44:28,226 INFO 		round 36: 3.7597324078596093
2025-04-27 11:44:28,226 INFO 		round 37: 3.78801943757866
2025-04-27 11:44:28,226 INFO 		round 38: 3.799806772153589
2025-04-27 11:44:28,226 INFO 		round 39: 3.778197618979442
2025-04-27 11:44:28,226 INFO 		round 40: 3.8018426661249958
2025-04-27 11:44:28,226 INFO 		round 41: 3.7537202918076815
2025-04-27 11:44:28,226 INFO 		round 42: 3.757207149946237
2025-04-27 11:44:28,226 INFO 		round 43: 3.7626451193531856
2025-04-27 11:44:28,226 INFO 		round 44: 3.769269476962995
2025-04-27 11:44:28,227 INFO 		round 45: 3.8102968403055697
2025-04-27 11:44:28,227 INFO 		round 46: 3.7861172798313674
2025-04-27 11:44:28,227 INFO 		round 47: 3.7837146000017094
2025-04-27 11:44:28,227 INFO 		round 48: 3.7784657719769057
2025-04-27 11:44:28,227 INFO 		round 49: 3.7955123246470586
2025-04-27 11:44:28,227 INFO 		round 50: 3.8049792421015005
2025-04-27 11:44:28,227 INFO 	History (metrics, distributed, fit):
2025-04-27 11:44:28,228 INFO 	{'accuracy': [(1, 0.08095839523378262),
2025-04-27 11:44:28,228 INFO 	              (2, 0.08676549730630269),
2025-04-27 11:44:28,228 INFO 	              (3, 0.10326689532795429),
2025-04-27 11:44:28,228 INFO 	              (4, 0.10543207470032653),
2025-04-27 11:44:28,228 INFO 	              (5, 0.1287633521194214),
2025-04-27 11:44:28,228 INFO 	              (6, 0.127361511518565),
2025-04-27 11:44:28,228 INFO 	              (7, 0.12725806874215143),
2025-04-27 11:44:28,228 INFO 	              (8, 0.13406352337192529),
2025-04-27 11:44:28,228 INFO 	              (9, 0.13074990746644366),
2025-04-27 11:44:28,229 INFO 	              (10, 0.1475535314800206),
2025-04-27 11:44:28,229 INFO 	              (11, 0.13724995538336554),
2025-04-27 11:44:28,229 INFO 	              (12, 0.15031786478241743),
2025-04-27 11:44:28,229 INFO 	              (13, 0.1449293819956558),
2025-04-27 11:44:28,229 INFO 	              (14, 0.14375043061991047),
2025-04-27 11:44:28,229 INFO 	              (15, 0.1443381998049939),
2025-04-27 11:44:28,229 INFO 	              (16, 0.14236260478798765),
2025-04-27 11:44:28,229 INFO 	              (17, 0.15565845044079274),
2025-04-27 11:44:28,230 INFO 	              (18, 0.1523477256447932),
2025-04-27 11:44:28,230 INFO 	              (19, 0.1523663103025264),
2025-04-27 11:44:28,230 INFO 	              (20, 0.15324034738126666),
2025-04-27 11:44:28,230 INFO 	              (21, 0.15755550883941516),
2025-04-27 11:44:28,230 INFO 	              (22, 0.14914833217606138),
2025-04-27 11:44:28,230 INFO 	              (23, 0.15812882252558302),
2025-04-27 11:44:28,230 INFO 	              (24, 0.15824333137007426),
2025-04-27 11:44:28,230 INFO 	              (25, 0.1593473939037358),
2025-04-27 11:44:28,231 INFO 	              (26, 0.1499444530527612),
2025-04-27 11:44:28,231 INFO 	              (27, 0.1490470232578991),
2025-04-27 11:44:28,231 INFO 	              (28, 0.15134540429504162),
2025-04-27 11:44:28,231 INFO 	              (29, 0.1522378283000528),
2025-04-27 11:44:28,231 INFO 	              (30, 0.15455083861368624),
2025-04-27 11:44:28,231 INFO 	              (31, 0.1586406328522317),
2025-04-27 11:44:28,231 INFO 	              (32, 0.1554481131610949),
2025-04-27 11:44:28,231 INFO 	              (33, 0.15405387040305693),
2025-04-27 11:44:28,231 INFO 	              (34, 0.14836309919717242),
2025-04-27 11:44:28,232 INFO 	              (35, 0.14934788578812974),
2025-04-27 11:44:28,232 INFO 	              (36, 0.15144615985794604),
2025-04-27 11:44:28,232 INFO 	              (37, 0.15454642820100162),
2025-04-27 11:44:28,232 INFO 	              (38, 0.1404812684444527),
2025-04-27 11:44:28,232 INFO 	              (39, 0.15126074060237185),
2025-04-27 11:44:28,232 INFO 	              (40, 0.14118686119223867),
2025-04-27 11:44:28,232 INFO 	              (41, 0.1565474646260186),
2025-04-27 11:44:28,232 INFO 	              (42, 0.15575586942604946),
2025-04-27 11:44:28,233 INFO 	              (43, 0.1442628343849065),
2025-04-27 11:44:28,233 INFO 	              (44, 0.14586711284360224),
2025-04-27 11:44:28,233 INFO 	              (45, 0.139761643145208),
2025-04-27 11:44:28,233 INFO 	              (46, 0.15175331748659723),
2025-04-27 11:44:28,233 INFO 	              (47, 0.15137443680809978),
2025-04-27 11:44:28,233 INFO 	              (48, 0.14745114427036518),
2025-04-27 11:44:28,233 INFO 	              (49, 0.1434562773154416),
2025-04-27 11:44:28,233 INFO 	              (50, 0.14155996221656772)],
2025-04-27 11:44:28,234 INFO 	 'f1_score': [(1, 0.010217412317022855),
2025-04-27 11:44:28,234 INFO 	              (2, 0.012732762464873365),
2025-04-27 11:44:28,234 INFO 	              (3, 0.01835923047344996),
2025-04-27 11:44:28,234 INFO 	              (4, 0.02167040114843784),
2025-04-27 11:44:28,234 INFO 	              (5, 0.0302521826953013),
2025-04-27 11:44:28,235 INFO 	              (6, 0.030827707872184463),
2025-04-27 11:44:28,235 INFO 	              (7, 0.03423520672860815),
2025-04-27 11:44:28,235 INFO 	              (8, 0.03730637204936562),
2025-04-27 11:44:28,235 INFO 	              (9, 0.03912035427690112),
2025-04-27 11:44:28,235 INFO 	              (10, 0.04392827186397884),
2025-04-27 11:44:28,235 INFO 	              (11, 0.04032142872391442),
2025-04-27 11:44:28,236 INFO 	              (12, 0.04662912662072835),
2025-04-27 11:44:28,236 INFO 	              (13, 0.0474089863558743),
2025-04-27 11:44:28,236 INFO 	              (14, 0.04595465397810584),
2025-04-27 11:44:28,236 INFO 	              (15, 0.04800394973727651),
2025-04-27 11:44:28,236 INFO 	              (16, 0.05112189900484326),
2025-04-27 11:44:28,236 INFO 	              (17, 0.054637847325510594),
2025-04-27 11:44:28,236 INFO 	              (18, 0.05607827601840459),
2025-04-27 11:44:28,237 INFO 	              (19, 0.05595115868046082),
2025-04-27 11:44:28,237 INFO 	              (20, 0.05315654571667827),
2025-04-27 11:44:28,237 INFO 	              (21, 0.053960477737862916),
2025-04-27 11:44:28,237 INFO 	              (22, 0.05372814072740263),
2025-04-27 11:44:28,237 INFO 	              (23, 0.05614567355287678),
2025-04-27 11:44:28,237 INFO 	              (24, 0.05589522245489039),
2025-04-27 11:44:28,237 INFO 	              (25, 0.055769435178620465),
2025-04-27 11:44:28,238 INFO 	              (26, 0.05446393218240261),
2025-04-27 11:44:28,238 INFO 	              (27, 0.058528376907115924),
2025-04-27 11:44:28,238 INFO 	              (28, 0.057740214097343555),
2025-04-27 11:44:28,238 INFO 	              (29, 0.054023614203002696),
2025-04-27 11:44:28,238 INFO 	              (30, 0.06094137330593169),
2025-04-27 11:44:28,239 INFO 	              (31, 0.056931941962360524),
2025-04-27 11:44:28,239 INFO 	              (32, 0.05702722655834542),
2025-04-27 11:44:28,239 INFO 	              (33, 0.056634060760336793),
2025-04-27 11:44:28,239 INFO 	              (34, 0.058936592508158275),
2025-04-27 11:44:28,239 INFO 	              (35, 0.05400856951927776),
2025-04-27 11:44:28,239 INFO 	              (36, 0.05844201043374433),
2025-04-27 11:44:28,239 INFO 	              (37, 0.05872682232717806),
2025-04-27 11:44:28,240 INFO 	              (38, 0.053668769344412275),
2025-04-27 11:44:28,240 INFO 	              (39, 0.05971662809313171),
2025-04-27 11:44:28,240 INFO 	              (40, 0.05252386769433014),
2025-04-27 11:44:28,240 INFO 	              (41, 0.06186792717605621),
2025-04-27 11:44:28,240 INFO 	              (42, 0.05753755135776734),
2025-04-27 11:44:28,240 INFO 	              (43, 0.0552911628665551),
2025-04-27 11:44:28,240 INFO 	              (44, 0.053969813610446414),
2025-04-27 11:44:28,240 INFO 	              (45, 0.05150175192024313),
2025-04-27 11:44:28,241 INFO 	              (46, 0.05732076283852228),
2025-04-27 11:44:28,241 INFO 	              (47, 0.05786966570299668),
2025-04-27 11:44:28,241 INFO 	              (48, 0.0557976508544683),
2025-04-27 11:44:28,241 INFO 	              (49, 0.05584798148618183),
2025-04-27 11:44:28,241 INFO 	              (50, 0.05485295643365156)],
2025-04-27 11:44:28,241 INFO 	 'loss': [(1, 4.118170977053165),
2025-04-27 11:44:28,241 INFO 	          (2, 3.8142426220448673),
2025-04-27 11:44:28,241 INFO 	          (3, 3.8417537210733337),
2025-04-27 11:44:28,241 INFO 	          (4, 3.7323054013432437),
2025-04-27 11:44:28,242 INFO 	          (5, 3.6134773926741666),
2025-04-27 11:44:28,242 INFO 	          (6, 3.5474080740039935),
2025-04-27 11:44:28,242 INFO 	          (7, 3.55634245567674),
2025-04-27 11:44:28,242 INFO 	          (8, 3.5201094650900853),
2025-04-27 11:44:28,242 INFO 	          (9, 3.5578198133466734),
2025-04-27 11:44:28,242 INFO 	          (10, 3.4861595607755778),
2025-04-27 11:44:28,242 INFO 	          (11, 3.5345923715946603),
2025-04-27 11:44:28,243 INFO 	          (12, 3.5414581126480407),
2025-04-27 11:44:28,243 INFO 	          (13, 3.530871667806875),
2025-04-27 11:44:28,243 INFO 	          (14, 3.581340471436221),
2025-04-27 11:44:28,243 INFO 	          (15, 3.5229923740686724),
2025-04-27 11:44:28,243 INFO 	          (16, 3.487727203792891),
2025-04-27 11:44:28,243 INFO 	          (17, 3.491258576845713),
2025-04-27 11:44:28,243 INFO 	          (18, 3.502969918615425),
2025-04-27 11:44:28,244 INFO 	          (19, 3.483741816987232),
2025-04-27 11:44:28,244 INFO 	          (20, 3.5029781212414113),
2025-04-27 11:44:28,244 INFO 	          (21, 3.4988993170251965),
2025-04-27 11:44:28,244 INFO 	          (22, 3.4963359443830684),
2025-04-27 11:44:28,244 INFO 	          (23, 3.4871403312086384),
2025-04-27 11:44:28,244 INFO 	          (24, 3.4775862065125382),
2025-04-27 11:44:28,245 INFO 	          (25, 3.4782165142320656),
2025-04-27 11:44:28,245 INFO 	          (26, 3.5378986647437083),
2025-04-27 11:44:28,245 INFO 	          (27, 3.549277511354438),
2025-04-27 11:44:28,245 INFO 	          (28, 3.489076943652497),
2025-04-27 11:44:28,245 INFO 	          (29, 3.5111305251314144),
2025-04-27 11:44:28,245 INFO 	          (30, 3.5019531259151733),
2025-04-27 11:44:28,245 INFO 	          (31, 3.5035634751883635),
2025-04-27 11:44:28,246 INFO 	          (32, 3.5424737225504956),
2025-04-27 11:44:28,246 INFO 	          (33, 3.5187043163548544),
2025-04-27 11:44:28,246 INFO 	          (34, 3.598338819852052),
2025-04-27 11:44:28,246 INFO 	          (35, 3.5468099103220534),
2025-04-27 11:44:28,246 INFO 	          (36, 3.5550058407630503),
2025-04-27 11:44:28,246 INFO 	          (37, 3.522530224022035),
2025-04-27 11:44:28,246 INFO 	          (38, 3.6117210650863543),
2025-04-27 11:44:28,247 INFO 	          (39, 3.6033603050547636),
2025-04-27 11:44:28,247 INFO 	          (40, 3.617199612976949),
2025-04-27 11:44:28,247 INFO 	          (41, 3.5492791597903772),
2025-04-27 11:44:28,247 INFO 	          (42, 3.5480810385673913),
2025-04-27 11:44:28,247 INFO 	          (43, 3.680757388473471),
2025-04-27 11:44:28,247 INFO 	          (44, 3.5459642702636405),
2025-04-27 11:44:28,247 INFO 	          (45, 3.5890296953324645),
2025-04-27 11:44:28,247 INFO 	          (46, 3.577585211347762),
2025-04-27 11:44:28,248 INFO 	          (47, 3.5856540752585215),
2025-04-27 11:44:28,248 INFO 	          (48, 3.6514164179072712),
2025-04-27 11:44:28,248 INFO 	          (49, 3.600930374633573),
2025-04-27 11:44:28,248 INFO 	          (50, 3.696294063422411)],
2025-04-27 11:44:28,248 INFO 	 'num_clients': [(1, 10),
2025-04-27 11:44:28,248 INFO 	                 (2, 10),
2025-04-27 11:44:28,248 INFO 	                 (3, 10),
2025-04-27 11:44:28,249 INFO 	                 (4, 10),
2025-04-27 11:44:28,249 INFO 	                 (5, 10),
2025-04-27 11:44:28,249 INFO 	                 (6, 10),
2025-04-27 11:44:28,249 INFO 	                 (7, 10),
2025-04-27 11:44:28,249 INFO 	                 (8, 10),
2025-04-27 11:44:28,249 INFO 	                 (9, 10),
2025-04-27 11:44:28,249 INFO 	                 (10, 10),
2025-04-27 11:44:28,250 INFO 	                 (11, 10),
2025-04-27 11:44:28,250 INFO 	                 (12, 10),
2025-04-27 11:44:28,250 INFO 	                 (13, 10),
2025-04-27 11:44:28,250 INFO 	                 (14, 10),
2025-04-27 11:44:28,250 INFO 	                 (15, 10),
2025-04-27 11:44:28,250 INFO 	                 (16, 10),
2025-04-27 11:44:28,250 INFO 	                 (17, 10),
2025-04-27 11:44:28,251 INFO 	                 (18, 10),
2025-04-27 11:44:28,251 INFO 	                 (19, 10),
2025-04-27 11:44:28,251 INFO 	                 (20, 10),
2025-04-27 11:44:28,251 INFO 	                 (21, 10),
2025-04-27 11:44:28,251 INFO 	                 (22, 10),
2025-04-27 11:44:28,251 INFO 	                 (23, 10),
2025-04-27 11:44:28,252 INFO 	                 (24, 10),
2025-04-27 11:44:28,252 INFO 	                 (25, 10),
2025-04-27 11:44:28,252 INFO 	                 (26, 10),
2025-04-27 11:44:28,252 INFO 	                 (27, 10),
2025-04-27 11:44:28,252 INFO 	                 (28, 10),
2025-04-27 11:44:28,252 INFO 	                 (29, 10),
2025-04-27 11:44:28,252 INFO 	                 (30, 10),
2025-04-27 11:44:28,252 INFO 	                 (31, 10),
2025-04-27 11:44:28,252 INFO 	                 (32, 10),
2025-04-27 11:44:28,253 INFO 	                 (33, 10),
2025-04-27 11:44:28,253 INFO 	                 (34, 10),
2025-04-27 11:44:28,253 INFO 	                 (35, 10),
2025-04-27 11:44:28,253 INFO 	                 (36, 10),
2025-04-27 11:44:28,253 INFO 	                 (37, 10),
2025-04-27 11:44:28,253 INFO 	                 (38, 10),
2025-04-27 11:44:28,254 INFO 	                 (39, 10),
2025-04-27 11:44:28,254 INFO 	                 (40, 10),
2025-04-27 11:44:28,254 INFO 	                 (41, 10),
2025-04-27 11:44:28,254 INFO 	                 (42, 10),
2025-04-27 11:44:28,254 INFO 	                 (43, 10),
2025-04-27 11:44:28,255 INFO 	                 (44, 10),
2025-04-27 11:44:28,255 INFO 	                 (45, 10),
2025-04-27 11:44:28,255 INFO 	                 (46, 10),
2025-04-27 11:44:28,255 INFO 	                 (47, 10),
2025-04-27 11:44:28,255 INFO 	                 (48, 10),
2025-04-27 11:44:28,255 INFO 	                 (49, 10),
2025-04-27 11:44:28,255 INFO 	                 (50, 10)],
2025-04-27 11:44:28,255 INFO 	 'precision': [(1, 0.009958233032457752),
2025-04-27 11:44:28,256 INFO 	               (2, 0.012141642287718643),
2025-04-27 11:44:28,256 INFO 	               (3, 0.02168921634074022),
2025-04-27 11:44:28,256 INFO 	               (4, 0.025982936612389523),
2025-04-27 11:44:28,256 INFO 	               (5, 0.03516179047695235),
2025-04-27 11:44:28,256 INFO 	               (6, 0.04070022793467004),
2025-04-27 11:44:28,256 INFO 	               (7, 0.04466577161073493),
2025-04-27 11:44:28,256 INFO 	               (8, 0.04301093670711153),
2025-04-27 11:44:28,256 INFO 	               (9, 0.047534869300934694),
2025-04-27 11:44:28,257 INFO 	               (10, 0.05687969739471216),
2025-04-27 11:44:28,257 INFO 	               (11, 0.052342692465301946),
2025-04-27 11:44:28,257 INFO 	               (12, 0.052396285925843146),
2025-04-27 11:44:28,257 INFO 	               (13, 0.05785231479873651),
2025-04-27 11:44:28,257 INFO 	               (14, 0.060650242381893545),
2025-04-27 11:44:28,257 INFO 	               (15, 0.057223169605407784),
2025-04-27 11:44:28,257 INFO 	               (16, 0.06764437469914032),
2025-04-27 11:44:28,257 INFO 	               (17, 0.07396388684791302),
2025-04-27 11:44:28,258 INFO 	               (18, 0.07110507546933788),
2025-04-27 11:44:28,258 INFO 	               (19, 0.07454243602186642),
2025-04-27 11:44:28,258 INFO 	               (20, 0.07200689642587867),
2025-04-27 11:44:28,258 INFO 	               (21, 0.07022042607876829),
2025-04-27 11:44:28,258 INFO 	               (22, 0.0695659042167924),
2025-04-27 11:44:28,258 INFO 	               (23, 0.06950020980022957),
2025-04-27 11:44:28,258 INFO 	               (24, 0.0663707731901685),
2025-04-27 11:44:28,258 INFO 	               (25, 0.07457057208921497),
2025-04-27 11:44:28,259 INFO 	               (26, 0.0681985954795271),
2025-04-27 11:44:28,259 INFO 	               (27, 0.0787142704958611),
2025-04-27 11:44:28,259 INFO 	               (28, 0.07315689973068686),
2025-04-27 11:44:28,259 INFO 	               (29, 0.06582849955431525),
2025-04-27 11:44:28,259 INFO 	               (30, 0.08059005669032),
2025-04-27 11:44:28,260 INFO 	               (31, 0.069789084092238),
2025-04-27 11:44:28,260 INFO 	               (32, 0.07111140923515302),
2025-04-27 11:44:28,260 INFO 	               (33, 0.07216115594289632),
2025-04-27 11:44:28,260 INFO 	               (34, 0.07336525291806208),
2025-04-27 11:44:28,260 INFO 	               (35, 0.06792260331693756),
2025-04-27 11:44:28,260 INFO 	               (36, 0.0708349041586081),
2025-04-27 11:44:28,260 INFO 	               (37, 0.07463175526843951),
2025-04-27 11:44:28,261 INFO 	               (38, 0.07014210225873893),
2025-04-27 11:44:28,261 INFO 	               (39, 0.07584733982947348),
2025-04-27 11:44:28,261 INFO 	               (40, 0.06456675760664587),
2025-04-27 11:44:28,261 INFO 	               (41, 0.07903888804495016),
2025-04-27 11:44:28,261 INFO 	               (42, 0.07216094732373145),
2025-04-27 11:44:28,261 INFO 	               (43, 0.07204568986233438),
2025-04-27 11:44:28,262 INFO 	               (44, 0.06456537997723462),
2025-04-27 11:44:28,262 INFO 	               (45, 0.060774099682281715),
2025-04-27 11:44:28,262 INFO 	               (46, 0.07096702375299144),
2025-04-27 11:44:28,262 INFO 	               (47, 0.06904505643249999),
2025-04-27 11:44:28,262 INFO 	               (48, 0.07114659549155154),
2025-04-27 11:44:28,262 INFO 	               (49, 0.06851410576712642),
2025-04-27 11:44:28,262 INFO 	               (50, 0.07011613068748257)],
2025-04-27 11:44:28,262 INFO 	 'recall': [(1, 0.02404528891693243),
2025-04-27 11:44:28,263 INFO 	            (2, 0.028024527767586068),
2025-04-27 11:44:28,263 INFO 	            (3, 0.03305966055804718),
2025-04-27 11:44:28,263 INFO 	            (4, 0.04084423512476162),
2025-04-27 11:44:28,263 INFO 	            (5, 0.049491924047773035),
2025-04-27 11:44:28,263 INFO 	            (6, 0.04611901329209037),
2025-04-27 11:44:28,263 INFO 	            (7, 0.05002971993381343),
2025-04-27 11:44:28,263 INFO 	            (8, 0.05463325955979162),
2025-04-27 11:44:28,264 INFO 	            (9, 0.05236604728729462),
2025-04-27 11:44:28,264 INFO 	            (10, 0.059508489286293535),
2025-04-27 11:44:28,264 INFO 	            (11, 0.05688822615541119),
2025-04-27 11:44:28,264 INFO 	            (12, 0.061517532436967275),
2025-04-27 11:44:28,264 INFO 	            (13, 0.061286193229510476),
2025-04-27 11:44:28,264 INFO 	            (14, 0.0608687240570606),
2025-04-27 11:44:28,264 INFO 	            (15, 0.06326532462910021),
2025-04-27 11:44:28,264 INFO 	            (16, 0.06158863831307493),
2025-04-27 11:44:28,265 INFO 	            (17, 0.06681882911917456),
2025-04-27 11:44:28,265 INFO 	            (18, 0.06871922142385654),
2025-04-27 11:44:28,265 INFO 	            (19, 0.06888424839440092),
2025-04-27 11:44:28,265 INFO 	            (20, 0.0647168244051342),
2025-04-27 11:44:28,265 INFO 	            (21, 0.06646605002114919),
2025-04-27 11:44:28,265 INFO 	            (22, 0.06579577926949674),
2025-04-27 11:44:28,265 INFO 	            (23, 0.06892082674527707),
2025-04-27 11:44:28,266 INFO 	            (24, 0.07006463582404267),
2025-04-27 11:44:28,266 INFO 	            (25, 0.0695366800462303),
2025-04-27 11:44:28,266 INFO 	            (26, 0.06555447386080708),
2025-04-27 11:44:28,266 INFO 	            (27, 0.06954463087749808),
2025-04-27 11:44:28,266 INFO 	            (28, 0.06948825782415424),
2025-04-27 11:44:28,266 INFO 	            (29, 0.06614093853347297),
2025-04-27 11:44:28,266 INFO 	            (30, 0.07180778567203404),
2025-04-27 11:44:28,266 INFO 	            (31, 0.06811137801816423),
2025-04-27 11:44:28,267 INFO 	            (32, 0.06883540845323112),
2025-04-27 11:44:28,267 INFO 	            (33, 0.06716965109383005),
2025-04-27 11:44:28,267 INFO 	            (34, 0.07040104025062249),
2025-04-27 11:44:28,267 INFO 	            (35, 0.0669609887570847),
2025-04-27 11:44:28,267 INFO 	            (36, 0.06904973965347201),
2025-04-27 11:44:28,267 INFO 	            (37, 0.06972208018179667),
2025-04-27 11:44:28,267 INFO 	            (38, 0.06356777802361238),
2025-04-27 11:44:28,267 INFO 	            (39, 0.07005281040898599),
2025-04-27 11:44:28,268 INFO 	            (40, 0.06404784692236484),
2025-04-27 11:44:28,268 INFO 	            (41, 0.07440087694059341),
2025-04-27 11:44:28,268 INFO 	            (42, 0.06826382314969347),
2025-04-27 11:44:28,268 INFO 	            (43, 0.0657250601571496),
2025-04-27 11:44:28,268 INFO 	            (44, 0.06382371739815307),
2025-04-27 11:44:28,268 INFO 	            (45, 0.061384376875386386),
2025-04-27 11:44:28,268 INFO 	            (46, 0.06755698185472751),
2025-04-27 11:44:28,268 INFO 	            (47, 0.06905252252251355),
2025-04-27 11:44:28,269 INFO 	            (48, 0.06654469625737125),
2025-04-27 11:44:28,269 INFO 	            (49, 0.06600806496260128),
2025-04-27 11:44:28,269 INFO 	            (50, 0.06360404691541162)],
2025-04-27 11:44:28,269 INFO 	 'total_examples': [(1, 1255),
2025-04-27 11:44:28,269 INFO 	                    (2, 1255),
2025-04-27 11:44:28,269 INFO 	                    (3, 1255),
2025-04-27 11:44:28,269 INFO 	                    (4, 1255),
2025-04-27 11:44:28,269 INFO 	                    (5, 1255),
2025-04-27 11:44:28,270 INFO 	                    (6, 1255),
2025-04-27 11:44:28,270 INFO 	                    (7, 1255),
2025-04-27 11:44:28,270 INFO 	                    (8, 1255),
2025-04-27 11:44:28,270 INFO 	                    (9, 1255),
2025-04-27 11:44:28,270 INFO 	                    (10, 1255),
2025-04-27 11:44:28,271 INFO 	                    (11, 1255),
2025-04-27 11:44:28,271 INFO 	                    (12, 1255),
2025-04-27 11:44:28,271 INFO 	                    (13, 1255),
2025-04-27 11:44:28,271 INFO 	                    (14, 1255),
2025-04-27 11:44:28,271 INFO 	                    (15, 1255),
2025-04-27 11:44:28,271 INFO 	                    (16, 1255),
2025-04-27 11:44:28,272 INFO 	                    (17, 1255),
2025-04-27 11:44:28,272 INFO 	                    (18, 1255),
2025-04-27 11:44:28,272 INFO 	                    (19, 1255),
2025-04-27 11:44:28,272 INFO 	                    (20, 1255),
2025-04-27 11:44:28,272 INFO 	                    (21, 1255),
2025-04-27 11:44:28,272 INFO 	                    (22, 1255),
2025-04-27 11:44:28,272 INFO 	                    (23, 1255),
2025-04-27 11:44:28,272 INFO 	                    (24, 1255),
2025-04-27 11:44:28,273 INFO 	                    (25, 1255),
2025-04-27 11:44:28,273 INFO 	                    (26, 1255),
2025-04-27 11:44:28,273 INFO 	                    (27, 1255),
2025-04-27 11:44:28,273 INFO 	                    (28, 1255),
2025-04-27 11:44:28,273 INFO 	                    (29, 1255),
2025-04-27 11:44:28,273 INFO 	                    (30, 1255),
2025-04-27 11:44:28,273 INFO 	                    (31, 1255),
2025-04-27 11:44:28,274 INFO 	                    (32, 1255),
2025-04-27 11:44:28,274 INFO 	                    (33, 1255),
2025-04-27 11:44:28,274 INFO 	                    (34, 1255),
2025-04-27 11:44:28,274 INFO 	                    (35, 1255),
2025-04-27 11:44:28,274 INFO 	                    (36, 1255),
2025-04-27 11:44:28,274 INFO 	                    (37, 1255),
2025-04-27 11:44:28,274 INFO 	                    (38, 1255),
2025-04-27 11:44:28,274 INFO 	                    (39, 1255),
2025-04-27 11:44:28,275 INFO 	                    (40, 1255),
2025-04-27 11:44:28,275 INFO 	                    (41, 1255),
2025-04-27 11:44:28,275 INFO 	                    (42, 1255),
2025-04-27 11:44:28,275 INFO 	                    (43, 1255),
2025-04-27 11:44:28,275 INFO 	                    (44, 1255),
2025-04-27 11:44:28,275 INFO 	                    (45, 1255),
2025-04-27 11:44:28,275 INFO 	                    (46, 1255),
2025-04-27 11:44:28,275 INFO 	                    (47, 1255),
2025-04-27 11:44:28,276 INFO 	                    (48, 1255),
2025-04-27 11:44:28,276 INFO 	                    (49, 1255),
2025-04-27 11:44:28,276 INFO 	                    (50, 1255)]}
2025-04-27 11:44:28,276 INFO 	History (metrics, distributed, evaluate):
2025-04-27 11:44:28,276 INFO 	{'accuracy': [(1, 0.010291942692014866),
2025-04-27 11:44:28,276 INFO 	              (2, 0.015385688496088536),
2025-04-27 11:44:28,276 INFO 	              (3, 0.018406927533241565),
2025-04-27 11:44:28,276 INFO 	              (4, 0.04818990002842312),
2025-04-27 11:44:28,277 INFO 	              (5, 0.06656622995046733),
2025-04-27 11:44:28,277 INFO 	              (6, 0.07718106586071247),
2025-04-27 11:44:28,277 INFO 	              (7, 0.08442421277287565),
2025-04-27 11:44:28,277 INFO 	              (8, 0.09094462354719082),
2025-04-27 11:44:28,277 INFO 	              (9, 0.10035004949225497),
2025-04-27 11:44:28,277 INFO 	              (10, 0.10959136255911155),
2025-04-27 11:44:28,277 INFO 	              (11, 0.10922337645991685),
2025-04-27 11:44:28,277 INFO 	              (12, 0.12168395756811533),
2025-04-27 11:44:28,278 INFO 	              (13, 0.11323717488362352),
2025-04-27 11:44:28,278 INFO 	              (14, 0.12282892199017616),
2025-04-27 11:44:28,278 INFO 	              (15, 0.12489362840949311),
2025-04-27 11:44:28,278 INFO 	              (16, 0.12720809955122458),
2025-04-27 11:44:28,278 INFO 	              (17, 0.13119887518812162),
2025-04-27 11:44:28,278 INFO 	              (18, 0.1276079617413634),
2025-04-27 11:44:28,278 INFO 	              (19, 0.13263758159514433),
2025-04-27 11:44:28,279 INFO 	              (20, 0.13651727234371264),
2025-04-27 11:44:28,279 INFO 	              (21, 0.13933500436059404),
2025-04-27 11:44:28,279 INFO 	              (22, 0.1375354541883246),
2025-04-27 11:44:28,279 INFO 	              (23, 0.14155241691099263),
2025-04-27 11:44:28,279 INFO 	              (24, 0.13950398119509966),
2025-04-27 11:44:28,279 INFO 	              (25, 0.14080974235046112),
2025-04-27 11:44:28,280 INFO 	              (26, 0.1364946977605591),
2025-04-27 11:44:28,280 INFO 	              (27, 0.14285661556085832),
2025-04-27 11:44:28,280 INFO 	              (28, 0.14360944877829634),
2025-04-27 11:44:28,280 INFO 	              (29, 0.13885658732905015),
2025-04-27 11:44:28,280 INFO 	              (30, 0.14215615774799115),
2025-04-27 11:44:28,280 INFO 	              (31, 0.14391289627074536),
2025-04-27 11:44:28,281 INFO 	              (32, 0.14238675802321027),
2025-04-27 11:44:28,281 INFO 	              (33, 0.13453760833182316),
2025-04-27 11:44:28,281 INFO 	              (34, 0.14430898479969903),
2025-04-27 11:44:28,281 INFO 	              (35, 0.14428199191362154),
2025-04-27 11:44:28,281 INFO 	              (36, 0.13978479715183426),
2025-04-27 11:44:28,281 INFO 	              (37, 0.13649235372956436),
2025-04-27 11:44:28,281 INFO 	              (38, 0.13569161167862015),
2025-04-27 11:44:28,281 INFO 	              (39, 0.14111953851085549),
2025-04-27 11:44:28,281 INFO 	              (40, 0.13788637552482275),
2025-04-27 11:44:28,282 INFO 	              (41, 0.1474944237720701),
2025-04-27 11:44:28,282 INFO 	              (42, 0.14232063208294915),
2025-04-27 11:44:28,282 INFO 	              (43, 0.14468726871501297),
2025-04-27 11:44:28,282 INFO 	              (44, 0.14366351780581435),
2025-04-27 11:44:28,282 INFO 	              (45, 0.1360770183851026),
2025-04-27 11:44:28,282 INFO 	              (46, 0.13896321731951683),
2025-04-27 11:44:28,283 INFO 	              (47, 0.13866504022443013),
2025-04-27 11:44:28,283 INFO 	              (48, 0.13907989843820637),
2025-04-27 11:44:28,283 INFO 	              (49, 0.13738150316764436),
2025-04-27 11:44:28,283 INFO 	              (50, 0.13325746102930264)],
2025-04-27 11:44:28,283 INFO 	 'f1_score': [(1, 0.0003368312042305714),
2025-04-27 11:44:28,284 INFO 	              (2, 0.001733485315282957),
2025-04-27 11:44:28,284 INFO 	              (3, 0.0037138260826978025),
2025-04-27 11:44:28,284 INFO 	              (4, 0.021590160071836915),
2025-04-27 11:44:28,284 INFO 	              (5, 0.033718685262147316),
2025-04-27 11:44:28,284 INFO 	              (6, 0.04024831213806569),
2025-04-27 11:44:28,284 INFO 	              (7, 0.046615789148504345),
2025-04-27 11:44:28,284 INFO 	              (8, 0.05021878503451688),
2025-04-27 11:44:28,284 INFO 	              (9, 0.0582725552936662),
2025-04-27 11:44:28,285 INFO 	              (10, 0.061852390151795784),
2025-04-27 11:44:28,285 INFO 	              (11, 0.06450531622785852),
2025-04-27 11:44:28,285 INFO 	              (12, 0.07324592814378456),
2025-04-27 11:44:28,285 INFO 	              (13, 0.06998116369500892),
2025-04-27 11:44:28,285 INFO 	              (14, 0.07408352440267917),
2025-04-27 11:44:28,285 INFO 	              (15, 0.07534723907398874),
2025-04-27 11:44:28,285 INFO 	              (16, 0.07916647411768796),
2025-04-27 11:44:28,285 INFO 	              (17, 0.08167314355143024),
2025-04-27 11:44:28,286 INFO 	              (18, 0.07942552650084793),
2025-04-27 11:44:28,286 INFO 	              (19, 0.08298286942403874),
2025-04-27 11:44:28,286 INFO 	              (20, 0.08317665295226694),
2025-04-27 11:44:28,286 INFO 	              (21, 0.08331568766011245),
2025-04-27 11:44:28,286 INFO 	              (22, 0.08257418810979278),
2025-04-27 11:44:28,286 INFO 	              (23, 0.09073719388044328),
2025-04-27 11:44:28,286 INFO 	              (24, 0.08559101946993984),
2025-04-27 11:44:28,287 INFO 	              (25, 0.08632041244809402),
2025-04-27 11:44:28,287 INFO 	              (26, 0.08454593644305386),
2025-04-27 11:44:28,287 INFO 	              (27, 0.08922681550071425),
2025-04-27 11:44:28,287 INFO 	              (28, 0.08757046570534653),
2025-04-27 11:44:28,287 INFO 	              (29, 0.08837051814682606),
2025-04-27 11:44:28,287 INFO 	              (30, 0.08945382353653016),
2025-04-27 11:44:28,287 INFO 	              (31, 0.08939352712892067),
2025-04-27 11:44:28,288 INFO 	              (32, 0.08847136548690439),
2025-04-27 11:44:28,288 INFO 	              (33, 0.08410844341361372),
2025-04-27 11:44:28,288 INFO 	              (34, 0.08773626265411769),
2025-04-27 11:44:28,288 INFO 	              (35, 0.0915115149825419),
2025-04-27 11:44:28,288 INFO 	              (36, 0.08754466230412832),
2025-04-27 11:44:28,288 INFO 	              (37, 0.08721224071844033),
2025-04-27 11:44:28,288 INFO 	              (38, 0.08652564234406689),
2025-04-27 11:44:28,289 INFO 	              (39, 0.09007772245498126),
2025-04-27 11:44:28,289 INFO 	              (40, 0.08675758512055219),
2025-04-27 11:44:28,289 INFO 	              (41, 0.09495315016239378),
2025-04-27 11:44:28,289 INFO 	              (42, 0.09164197616983007),
2025-04-27 11:44:28,289 INFO 	              (43, 0.09373785958600059),
2025-04-27 11:44:28,290 INFO 	              (44, 0.09239005588265568),
2025-04-27 11:44:28,290 INFO 	              (45, 0.08766463834307865),
2025-04-27 11:44:28,290 INFO 	              (46, 0.08940576394613546),
2025-04-27 11:44:28,290 INFO 	              (47, 0.09143499584039343),
2025-04-27 11:44:28,290 INFO 	              (48, 0.08607931017137596),
2025-04-27 11:44:28,290 INFO 	              (49, 0.08657790124087246),
2025-04-27 11:44:28,290 INFO 	              (50, 0.08427593128163335)],
2025-04-27 11:44:28,290 INFO 	 'loss': [(1, 4.601624182507962),
2025-04-27 11:44:28,291 INFO 	          (2, 4.5727421497996845),
2025-04-27 11:44:28,291 INFO 	          (3, 4.561928254139574),
2025-04-27 11:44:28,291 INFO 	          (4, 4.28492980139165),
2025-04-27 11:44:28,291 INFO 	          (5, 4.186927689781672),
2025-04-27 11:44:28,291 INFO 	          (6, 4.115046567554716),
2025-04-27 11:44:28,291 INFO 	          (7, 4.067164715332321),
2025-04-27 11:44:28,291 INFO 	          (8, 3.997870611239083),
2025-04-27 11:44:28,291 INFO 	          (9, 3.9647743407684035),
2025-04-27 11:44:28,292 INFO 	          (10, 3.943221508702145),
2025-04-27 11:44:28,292 INFO 	          (11, 3.8984132929693294),
2025-04-27 11:44:28,292 INFO 	          (12, 3.8592736404153367),
2025-04-27 11:44:28,292 INFO 	          (13, 3.875609443157534),
2025-04-27 11:44:28,292 INFO 	          (14, 3.841571119767201),
2025-04-27 11:44:28,292 INFO 	          (15, 3.8128815821454496),
2025-04-27 11:44:28,292 INFO 	          (16, 3.8028771424595313),
2025-04-27 11:44:28,292 INFO 	          (17, 3.7907810241361206),
2025-04-27 11:44:28,293 INFO 	          (18, 3.800578266004973),
2025-04-27 11:44:28,293 INFO 	          (19, 3.8025834085066106),
2025-04-27 11:44:28,293 INFO 	          (20, 3.77441731585732),
2025-04-27 11:44:28,293 INFO 	          (21, 3.7613088948817195),
2025-04-27 11:44:28,293 INFO 	          (22, 3.7665490145924725),
2025-04-27 11:44:28,293 INFO 	          (23, 3.7561469930636733),
2025-04-27 11:44:28,293 INFO 	          (24, 3.7683923538727098),
2025-04-27 11:44:28,293 INFO 	          (25, 3.7384372383733337),
2025-04-27 11:44:28,294 INFO 	          (26, 3.777085729792148),
2025-04-27 11:44:28,294 INFO 	          (27, 3.759177542939971),
2025-04-27 11:44:28,294 INFO 	          (28, 3.7369520136072665),
2025-04-27 11:44:28,294 INFO 	          (29, 3.781304933602297),
2025-04-27 11:44:28,294 INFO 	          (30, 3.74702674075018),
2025-04-27 11:44:28,294 INFO 	          (31, 3.7545156682593914),
2025-04-27 11:44:28,294 INFO 	          (32, 3.7658615647992),
2025-04-27 11:44:28,295 INFO 	          (33, 3.7820306254338614),
2025-04-27 11:44:28,295 INFO 	          (34, 3.728478688982469),
2025-04-27 11:44:28,295 INFO 	          (35, 3.7467192215255545),
2025-04-27 11:44:28,295 INFO 	          (36, 3.7597324078596093),
2025-04-27 11:44:28,295 INFO 	          (37, 3.78801943757866),
2025-04-27 11:44:28,295 INFO 	          (38, 3.799806772153589),
2025-04-27 11:44:28,295 INFO 	          (39, 3.778197618979442),
2025-04-27 11:44:28,295 INFO 	          (40, 3.8018426661249958),
2025-04-27 11:44:28,296 INFO 	          (41, 3.7537202918076815),
2025-04-27 11:44:28,296 INFO 	          (42, 3.757207149946237),
2025-04-27 11:44:28,296 INFO 	          (43, 3.7626451193531856),
2025-04-27 11:44:28,296 INFO 	          (44, 3.769269476962995),
2025-04-27 11:44:28,296 INFO 	          (45, 3.8102968403055697),
2025-04-27 11:44:28,296 INFO 	          (46, 3.7861172798313674),
2025-04-27 11:44:28,296 INFO 	          (47, 3.7837146000017094),
2025-04-27 11:44:28,297 INFO 	          (48, 3.7784657719769057),
2025-04-27 11:44:28,297 INFO 	          (49, 3.7955123246470586),
2025-04-27 11:44:28,297 INFO 	          (50, 3.8049792421015005)],
2025-04-27 11:44:28,297 INFO 	 'num_clients': [(1, 10),
2025-04-27 11:44:28,297 INFO 	                 (2, 10),
2025-04-27 11:44:28,297 INFO 	                 (3, 10),
2025-04-27 11:44:28,297 INFO 	                 (4, 10),
2025-04-27 11:44:28,297 INFO 	                 (5, 10),
2025-04-27 11:44:28,297 INFO 	                 (6, 10),
2025-04-27 11:44:28,298 INFO 	                 (7, 10),
2025-04-27 11:44:28,298 INFO 	                 (8, 10),
2025-04-27 11:44:28,298 INFO 	                 (9, 10),
2025-04-27 11:44:28,298 INFO 	                 (10, 10),
2025-04-27 11:44:28,298 INFO 	                 (11, 10),
2025-04-27 11:44:28,298 INFO 	                 (12, 10),
2025-04-27 11:44:28,298 INFO 	                 (13, 10),
2025-04-27 11:44:28,298 INFO 	                 (14, 10),
2025-04-27 11:44:28,299 INFO 	                 (15, 10),
2025-04-27 11:44:28,299 INFO 	                 (16, 10),
2025-04-27 11:44:28,299 INFO 	                 (17, 10),
2025-04-27 11:44:28,299 INFO 	                 (18, 10),
2025-04-27 11:44:28,299 INFO 	                 (19, 10),
2025-04-27 11:44:28,299 INFO 	                 (20, 10),
2025-04-27 11:44:28,299 INFO 	                 (21, 10),
2025-04-27 11:44:28,299 INFO 	                 (22, 10),
2025-04-27 11:44:28,300 INFO 	                 (23, 10),
2025-04-27 11:44:28,300 INFO 	                 (24, 10),
2025-04-27 11:44:28,300 INFO 	                 (25, 10),
2025-04-27 11:44:28,300 INFO 	                 (26, 10),
2025-04-27 11:44:28,300 INFO 	                 (27, 10),
2025-04-27 11:44:28,300 INFO 	                 (28, 10),
2025-04-27 11:44:28,300 INFO 	                 (29, 10),
2025-04-27 11:44:28,301 INFO 	                 (30, 10),
2025-04-27 11:44:28,301 INFO 	                 (31, 10),
2025-04-27 11:44:28,301 INFO 	                 (32, 10),
2025-04-27 11:44:28,301 INFO 	                 (33, 10),
2025-04-27 11:44:28,301 INFO 	                 (34, 10),
2025-04-27 11:44:28,301 INFO 	                 (35, 10),
2025-04-27 11:44:28,301 INFO 	                 (36, 10),
2025-04-27 11:44:28,301 INFO 	                 (37, 10),
2025-04-27 11:44:28,302 INFO 	                 (38, 10),
2025-04-27 11:44:28,302 INFO 	                 (39, 10),
2025-04-27 11:44:28,302 INFO 	                 (40, 10),
2025-04-27 11:44:28,302 INFO 	                 (41, 10),
2025-04-27 11:44:28,302 INFO 	                 (42, 10),
2025-04-27 11:44:28,302 INFO 	                 (43, 10),
2025-04-27 11:44:28,302 INFO 	                 (44, 10),
2025-04-27 11:44:28,302 INFO 	                 (45, 10),
2025-04-27 11:44:28,303 INFO 	                 (46, 10),
2025-04-27 11:44:28,303 INFO 	                 (47, 10),
2025-04-27 11:44:28,303 INFO 	                 (48, 10),
2025-04-27 11:44:28,303 INFO 	                 (49, 10),
2025-04-27 11:44:28,303 INFO 	                 (50, 10)],
2025-04-27 11:44:28,303 INFO 	 'precision': [(1, 0.00020633178212381415),
2025-04-27 11:44:28,303 INFO 	               (2, 0.0028823978299599884),
2025-04-27 11:44:28,303 INFO 	               (3, 0.005080570546863192),
2025-04-27 11:44:28,304 INFO 	               (4, 0.03308717427698833),
2025-04-27 11:44:28,304 INFO 	               (5, 0.04194049783285183),
2025-04-27 11:44:28,304 INFO 	               (6, 0.05553317993628741),
2025-04-27 11:44:28,304 INFO 	               (7, 0.06610630959442351),
2025-04-27 11:44:28,304 INFO 	               (8, 0.06492441367347883),
2025-04-27 11:44:28,304 INFO 	               (9, 0.08727010663826676),
2025-04-27 11:44:28,304 INFO 	               (10, 0.08515682906774735),
2025-04-27 11:44:28,305 INFO 	               (11, 0.08759222735562137),
2025-04-27 11:44:28,305 INFO 	               (12, 0.10049764665331938),
2025-04-27 11:44:28,305 INFO 	               (13, 0.09590167901635566),
2025-04-27 11:44:28,305 INFO 	               (14, 0.10046730777640317),
2025-04-27 11:44:28,305 INFO 	               (15, 0.10056468271017582),
2025-04-27 11:44:28,305 INFO 	               (16, 0.10460226867991232),
2025-04-27 11:44:28,305 INFO 	               (17, 0.10678855115135301),
2025-04-27 11:44:28,306 INFO 	               (18, 0.11223523469683387),
2025-04-27 11:44:28,306 INFO 	               (19, 0.10832431429949733),
2025-04-27 11:44:28,306 INFO 	               (20, 0.11593221397990171),
2025-04-27 11:44:28,306 INFO 	               (21, 0.11463735406783968),
2025-04-27 11:44:28,306 INFO 	               (22, 0.11285805272018955),
2025-04-27 11:44:28,306 INFO 	               (23, 0.12051691280934757),
2025-04-27 11:44:28,306 INFO 	               (24, 0.11809820449896614),
2025-04-27 11:44:28,307 INFO 	               (25, 0.11739805935720576),
2025-04-27 11:44:28,307 INFO 	               (26, 0.113553209817076),
2025-04-27 11:44:28,307 INFO 	               (27, 0.11165894188780501),
2025-04-27 11:44:28,307 INFO 	               (28, 0.12072072250112029),
2025-04-27 11:44:28,307 INFO 	               (29, 0.12520011120593266),
2025-04-27 11:44:28,307 INFO 	               (30, 0.11576795613499104),
2025-04-27 11:44:28,307 INFO 	               (31, 0.11953689854459287),
2025-04-27 11:44:28,308 INFO 	               (32, 0.11426461287131792),
2025-04-27 11:44:28,308 INFO 	               (33, 0.11792984168694663),
2025-04-27 11:44:28,308 INFO 	               (34, 0.11314151506007522),
2025-04-27 11:44:28,308 INFO 	               (35, 0.12035545795134722),
2025-04-27 11:44:28,308 INFO 	               (36, 0.11807759587181348),
2025-04-27 11:44:28,308 INFO 	               (37, 0.12312235491205058),
2025-04-27 11:44:28,308 INFO 	               (38, 0.12178871450402058),
2025-04-27 11:44:28,309 INFO 	               (39, 0.12017852941847557),
2025-04-27 11:44:28,309 INFO 	               (40, 0.10983854500570879),
2025-04-27 11:44:28,309 INFO 	               (41, 0.11989295101531142),
2025-04-27 11:44:28,309 INFO 	               (42, 0.12227879181701765),
2025-04-27 11:44:28,309 INFO 	               (43, 0.12466107508770329),
2025-04-27 11:44:28,309 INFO 	               (44, 0.11987013777492297),
2025-04-27 11:44:28,309 INFO 	               (45, 0.12164517112367652),
2025-04-27 11:44:28,310 INFO 	               (46, 0.12103163030356572),
2025-04-27 11:44:28,310 INFO 	               (47, 0.12309235321786705),
2025-04-27 11:44:28,310 INFO 	               (48, 0.1097013027561444),
2025-04-27 11:44:28,310 INFO 	               (49, 0.12036530764608691),
2025-04-27 11:44:28,310 INFO 	               (50, 0.11447792718585204)],
2025-04-27 11:44:28,310 INFO 	 'recall': [(1, 0.010012658227848104),
2025-04-27 11:44:28,311 INFO 	            (2, 0.013739416473591205),
2025-04-27 11:44:28,311 INFO 	            (3, 0.01495083636621024),
2025-04-27 11:44:28,311 INFO 	            (4, 0.04274278203872232),
2025-04-27 11:44:28,311 INFO 	            (5, 0.05458659176957501),
2025-04-27 11:44:28,311 INFO 	            (6, 0.061774625226295385),
2025-04-27 11:44:28,311 INFO 	            (7, 0.06848797011147409),
2025-04-27 11:44:28,311 INFO 	            (8, 0.07334969480238676),
2025-04-27 11:44:28,312 INFO 	            (9, 0.08098906596771288),
2025-04-27 11:44:28,312 INFO 	            (10, 0.08927249457809262),
2025-04-27 11:44:28,312 INFO 	            (11, 0.08794760371215939),
2025-04-27 11:44:28,312 INFO 	            (12, 0.09709007448180745),
2025-04-27 11:44:28,312 INFO 	            (13, 0.09011403550112465),
2025-04-27 11:44:28,312 INFO 	            (14, 0.09937794235180772),
2025-04-27 11:44:28,312 INFO 	            (15, 0.09962128221797259),
2025-04-27 11:44:28,312 INFO 	            (16, 0.10260043594922205),
2025-04-27 11:44:28,313 INFO 	            (17, 0.10681985969080485),
2025-04-27 11:44:28,313 INFO 	            (18, 0.10382399416660708),
2025-04-27 11:44:28,313 INFO 	            (19, 0.10927616697719753),
2025-04-27 11:44:28,313 INFO 	            (20, 0.11001818209780662),
2025-04-27 11:44:28,313 INFO 	            (21, 0.11249546267546948),
2025-04-27 11:44:28,313 INFO 	            (22, 0.11081997181356722),
2025-04-27 11:44:28,313 INFO 	            (23, 0.11841341226360835),
2025-04-27 11:44:28,313 INFO 	            (24, 0.1119850171986476),
2025-04-27 11:44:28,314 INFO 	            (25, 0.11642864866218625),
2025-04-27 11:44:28,314 INFO 	            (26, 0.11214276126904205),
2025-04-27 11:44:28,314 INFO 	            (27, 0.1137340120643632),
2025-04-27 11:44:28,314 INFO 	            (28, 0.11530163123107441),
2025-04-27 11:44:28,314 INFO 	            (29, 0.11260380738971983),
2025-04-27 11:44:28,314 INFO 	            (30, 0.11321623347211092),
2025-04-27 11:44:28,315 INFO 	            (31, 0.11576849560966469),
2025-04-27 11:44:28,315 INFO 	            (32, 0.1171147659933962),
2025-04-27 11:44:28,315 INFO 	            (33, 0.10932751874866793),
2025-04-27 11:44:28,315 INFO 	            (34, 0.11513750153221848),
2025-04-27 11:44:28,315 INFO 	            (35, 0.1191085073700267),
2025-04-27 11:44:28,315 INFO 	            (36, 0.11309577176800455),
2025-04-27 11:44:28,315 INFO 	            (37, 0.10941575047396435),
2025-04-27 11:44:28,315 INFO 	            (38, 0.1085067994444731),
2025-04-27 11:44:28,316 INFO 	            (39, 0.11690350540477713),
2025-04-27 11:44:28,316 INFO 	            (40, 0.11351301894841526),
2025-04-27 11:44:28,316 INFO 	            (41, 0.12509015217654146),
2025-04-27 11:44:28,316 INFO 	            (42, 0.1196400993472434),
2025-04-27 11:44:28,316 INFO 	            (43, 0.12094181457622931),
2025-04-27 11:44:28,316 INFO 	            (44, 0.11933744908300761),
2025-04-27 11:44:28,316 INFO 	            (45, 0.10985002234539103),
2025-04-27 11:44:28,316 INFO 	            (46, 0.11695218101974422),
2025-04-27 11:44:28,317 INFO 	            (47, 0.11716956773213147),
2025-04-27 11:44:28,317 INFO 	            (48, 0.11142308687631536),
2025-04-27 11:44:28,317 INFO 	            (49, 0.11436962038850916),
2025-04-27 11:44:28,317 INFO 	            (50, 0.10807089520654206)],
2025-04-27 11:44:28,317 INFO 	 'total_examples': [(1, 316),
2025-04-27 11:44:28,317 INFO 	                    (2, 316),
2025-04-27 11:44:28,317 INFO 	                    (3, 316),
2025-04-27 11:44:28,317 INFO 	                    (4, 316),
2025-04-27 11:44:28,318 INFO 	                    (5, 316),
2025-04-27 11:44:28,318 INFO 	                    (6, 316),
2025-04-27 11:44:28,318 INFO 	                    (7, 316),
2025-04-27 11:44:28,318 INFO 	                    (8, 316),
2025-04-27 11:44:28,318 INFO 	                    (9, 316),
2025-04-27 11:44:28,318 INFO 	                    (10, 316),
2025-04-27 11:44:28,318 INFO 	                    (11, 316),
2025-04-27 11:44:28,318 INFO 	                    (12, 316),
2025-04-27 11:44:28,319 INFO 	                    (13, 316),
2025-04-27 11:44:28,319 INFO 	                    (14, 316),
2025-04-27 11:44:28,319 INFO 	                    (15, 316),
2025-04-27 11:44:28,319 INFO 	                    (16, 316),
2025-04-27 11:44:28,319 INFO 	                    (17, 316),
2025-04-27 11:44:28,319 INFO 	                    (18, 316),
2025-04-27 11:44:28,320 INFO 	                    (19, 316),
2025-04-27 11:44:28,320 INFO 	                    (20, 316),
2025-04-27 11:44:28,320 INFO 	                    (21, 316),
2025-04-27 11:44:28,320 INFO 	                    (22, 316),
2025-04-27 11:44:28,320 INFO 	                    (23, 316),
2025-04-27 11:44:28,320 INFO 	                    (24, 316),
2025-04-27 11:44:28,321 INFO 	                    (25, 316),
2025-04-27 11:44:28,321 INFO 	                    (26, 316),
2025-04-27 11:44:28,321 INFO 	                    (27, 316),
2025-04-27 11:44:28,321 INFO 	                    (28, 316),
2025-04-27 11:44:28,321 INFO 	                    (29, 316),
2025-04-27 11:44:28,322 INFO 	                    (30, 316),
2025-04-27 11:44:28,322 INFO 	                    (31, 316),
2025-04-27 11:44:28,322 INFO 	                    (32, 316),
2025-04-27 11:44:28,322 INFO 	                    (33, 316),
2025-04-27 11:44:28,322 INFO 	                    (34, 316),
2025-04-27 11:44:28,322 INFO 	                    (35, 316),
2025-04-27 11:44:28,323 INFO 	                    (36, 316),
2025-04-27 11:44:28,323 INFO 	                    (37, 316),
2025-04-27 11:44:28,323 INFO 	                    (38, 316),
2025-04-27 11:44:28,323 INFO 	                    (39, 316),
2025-04-27 11:44:28,323 INFO 	                    (40, 316),
2025-04-27 11:44:28,323 INFO 	                    (41, 316),
2025-04-27 11:44:28,324 INFO 	                    (42, 316),
2025-04-27 11:44:28,324 INFO 	                    (43, 316),
2025-04-27 11:44:28,324 INFO 	                    (44, 316),
2025-04-27 11:44:28,324 INFO 	                    (45, 316),
2025-04-27 11:44:28,324 INFO 	                    (46, 316),
2025-04-27 11:44:28,324 INFO 	                    (47, 316),
2025-04-27 11:44:28,324 INFO 	                    (48, 316),
2025-04-27 11:44:28,325 INFO 	                    (49, 316),
2025-04-27 11:44:28,325 INFO 	                    (50, 316)]}
2025-04-27 11:44:28,325 INFO 
2025-04-27 11:44:28,327 DEBUG ServerApp finished running.
2025-04-27 11:44:28,327 DEBUG ServerApp finished running.
2025-04-27 11:44:28,327 DEBUG Triggered stop event for Simulation Engine.
2025-04-27 11:44:29,170 DEBUG Terminated 1 actors
2025-04-27 11:44:30,564 DEBUG Terminated RayBackend
2025-04-27 11:44:30,565 DEBUG Stopping Simulation Engine now.
